14-Oct-2024 13:21:03.324 INFORMACIÓN [main] org.apache.catalina.startup.VersionLoggerListener.log Nombre de la versión del servidor: Apache Tomcat/9.0.96
14-Oct-2024 13:21:03.327 INFORMACIÓN [main] org.apache.catalina.startup.VersionLoggerListener.log Server built:                      Oct 3 2024 19:44:30 UTC
14-Oct-2024 13:21:03.327 INFORMACIÓN [main] org.apache.catalina.startup.VersionLoggerListener.log Número de versión de servidor:     9.0.96.0
14-Oct-2024 13:21:03.327 INFORMACIÓN [main] org.apache.catalina.startup.VersionLoggerListener.log OS Name:                           Windows 10
14-Oct-2024 13:21:03.327 INFORMACIÓN [main] org.apache.catalina.startup.VersionLoggerListener.log Versión de Systema Operativo:      10.0
14-Oct-2024 13:21:03.327 INFORMACIÓN [main] org.apache.catalina.startup.VersionLoggerListener.log Arquitectura:                      amd64
14-Oct-2024 13:21:03.328 INFORMACIÓN [main] org.apache.catalina.startup.VersionLoggerListener.log Java Home:                         C:\Program Files\Eclipse Adoptium\jdk-17.0.7.7-hotspot
14-Oct-2024 13:21:03.328 INFORMACIÓN [main] org.apache.catalina.startup.VersionLoggerListener.log JVM Version:                       17.0.7+7
14-Oct-2024 13:21:03.328 INFORMACIÓN [main] org.apache.catalina.startup.VersionLoggerListener.log Vededor JVM:                       Eclipse Adoptium
14-Oct-2024 13:21:03.328 INFORMACIÓN [main] org.apache.catalina.startup.VersionLoggerListener.log CATALINA_BASE:                     C:\Users\S2-PC00\Downloads\ProgramacionMovilEj11.2\RakutenTVAndroid
14-Oct-2024 13:21:03.328 INFORMACIÓN [main] org.apache.catalina.startup.VersionLoggerListener.log CATALINA_HOME:                     C:\Users\S2-PC00\Downloads\apache-tomcat-9.0.96\apache-tomcat-9.0.96
14-Oct-2024 13:21:03.336 INFORMACIÓN [main] org.apache.catalina.startup.VersionLoggerListener.log Command line argument:             --add-opens=java.base/java.lang=ALL-UNNAMED
14-Oct-2024 13:21:03.336 INFORMACIÓN [main] org.apache.catalina.startup.VersionLoggerListener.log Command line argument:             --add-opens=java.base/java.io=ALL-UNNAMED
14-Oct-2024 13:21:03.336 INFORMACIÓN [main] org.apache.catalina.startup.VersionLoggerListener.log Command line argument:             --add-opens=java.base/java.util=ALL-UNNAMED
14-Oct-2024 13:21:03.336 INFORMACIÓN [main] org.apache.catalina.startup.VersionLoggerListener.log Command line argument:             --add-opens=java.base/java.util.concurrent=ALL-UNNAMED
14-Oct-2024 13:21:03.336 INFORMACIÓN [main] org.apache.catalina.startup.VersionLoggerListener.log Command line argument:             --add-opens=java.rmi/sun.rmi.transport=ALL-UNNAMED
14-Oct-2024 13:21:03.336 INFORMACIÓN [main] org.apache.catalina.startup.VersionLoggerListener.log Command line argument:             -Dcatalina.home=C:\Users\S2-PC00\Downloads\apache-tomcat-9.0.96\apache-tomcat-9.0.96
14-Oct-2024 13:21:03.336 INFORMACIÓN [main] org.apache.catalina.startup.VersionLoggerListener.log Command line argument:             -Dcatalina.base=C:\Users\S2-PC00\Downloads\ProgramacionMovilEj11.2\RakutenTVAndroid
14-Oct-2024 13:21:03.336 INFORMACIÓN [main] org.apache.catalina.startup.VersionLoggerListener.log Command line argument:             -Djava.io.tmpdir=C:\Users\S2-PC00\Downloads\ProgramacionMovilEj11.2\RakutenTVAndroid\temp
14-Oct-2024 13:21:03.336 INFORMACIÓN [main] org.apache.catalina.startup.VersionLoggerListener.log Command line argument:             -Djava.util.logging.config.file=C:\Users\S2-PC00\Downloads\ProgramacionMovilEj11.2\RakutenTVAndroid\conf\logging.properties
14-Oct-2024 13:21:03.337 INFORMACIÓN [main] org.apache.catalina.startup.VersionLoggerListener.log Command line argument:             -Djava.util.logging.manager=org.apache.juli.ClassLoaderLogManager
14-Oct-2024 13:21:03.337 INFORMACIÓN [main] org.apache.catalina.startup.VersionLoggerListener.log Command line argument:             -javaagent:C:\Program Files\JetBrains\IntelliJ IDEA Community Edition 2023.1.3\lib\idea_rt.jar=55604:C:\Program Files\JetBrains\IntelliJ IDEA Community Edition 2023.1.3\bin
14-Oct-2024 13:21:03.337 INFORMACIÓN [main] org.apache.catalina.startup.VersionLoggerListener.log Command line argument:             -Dfile.encoding=UTF-8
14-Oct-2024 13:21:03.343 INFORMACIÓN [main] org.apache.catalina.core.AprLifecycleListener.lifecycleEvent La biblioteca nativa de Apache Tomcat basada en ARP que permite un rendimiento óptimo en entornos de desarrollo no ha sido hallada en java.library.path: [C:\Program Files\Eclipse Adoptium\jdk-17.0.7.7-hotspot\bin;C:\Windows\Sun\Java\bin;C:\Windows\system32;C:\Windows;C:\app\S2-PC00\product\21c\dbhomeXE\bin;C:\Program Files\Microsoft\jdk-11.0.16.101-hotspot\bin;C:\Program Files\Eclipse Adoptium\jdk-17.0.7.7-hotspot\bin;C:\Program Files\Eclipse Adoptium\jdk-11.0.19.7-hotspot\bin;C:\Program Files (x86)\Common Files\Oracle\Java\javapath;C:\Windows\system32;C:\Windows;C:\Windows\System32\Wbem;C:\Windows\System32\WindowsPowerShell\v1.0\;C:\Windows\System32\OpenSSH\;C:\apache-maven-3.9.2\bin;C:\Program Files\dotnet\;C:\Program Files\Git\cmd;C:\Program Files\Docker\Docker\resources\bin;C:\Users\S2-PC00\AppData\Roaming\nvm;C:\Program Files\nodejs;C:\Users\S2-PC00\AppData\Local\Microsoft\WindowsApps;C:\Users\S2-PC00\AppData\Local\Programs\Microsoft VS Code\bin;C:\Users\S2-PC00\.dotnet\tools;C:\Users\S2-PC00\AppData\Roaming\npm;C:\Users\S2-PC00\AppData\Roaming\nvm;C:\Program Files\nodejs;C:\Program Files\JetBrains\IntelliJ IDEA Community Edition 2023.1.3\bin;;.]
14-Oct-2024 13:21:03.518 INFORMACIÓN [main] org.apache.coyote.AbstractProtocol.init Inicializando el manejador de protocolo ["http-nio-8080"]

14-Oct-2024 13:21:03.542 INFORMACIÓN [main] org.apache.catalina.startup.Catalina.load Server initialization in [377] milliseconds
14-Oct-2024 13:21:03.602 INFORMACIÓN [main] org.apache.catalina.core.StandardService.startInternal Arrancando servicio [Catalina]
14-Oct-2024 13:21:03.602 INFORMACIÓN [main] org.apache.catalina.core.StandardEngine.startInternal Starting Servlet engine: [Apache Tomcat/9.0.96]
14-Oct-2024 13:21:03.618 INFORMACIÓN [main] org.apache.catalina.startup.HostConfig.deployDescriptor Desplieque del descriptor de configuración [C:\Users\S2-PC00\Downloads\ProgramacionMovilEj11.2\RakutenTVAndroid\conf\Catalina\localhost\RakutenTVAndroid.xml]
14-Oct-2024 13:21:03.961 INFORMACIÓN [main] org.apache.jasper.servlet.TldScanner.scanJars Al menos un JAR, que se ha explorado buscando TLDs, aún no contenía TLDs. Activar historial de depuración para este historiador para una completa lista de los JARs que fueron explorados y de los que nos se halló TLDs. Saltarse JARs no necesarios durante la exploración puede dar lugar a una mejora de tiempo significativa en el arranque y compilación de JSP .
14-Oct-2024 13:21:04.021 INFORMACIÓN [main] org.apache.catalina.startup.HostConfig.deployDescriptor Deployment of deployment descriptor [C:\Users\S2-PC00\Downloads\ProgramacionMovilEj11.2\RakutenTVAndroid\conf\Catalina\localhost\RakutenTVAndroid.xml] has finished in [403] ms
14-Oct-2024 13:21:04.026 INFORMACIÓN [main] org.apache.coyote.AbstractProtocol.start Starting ProtocolHandler ["http-nio-8080"]
14-Oct-2024 13:21:04.062 INFORMACIÓN [main] org.apache.catalina.startup.Catalina.start Server startup in [518] milliseconds
